d:\dev\opengl_c++\firstproject\firstproject\debug\vc140.pdb
d:\dev\opengl_c++\firstproject\firstproject\debug\vc140.idb
d:\dev\opengl_c++\firstproject\firstproject\debug\glad.obj
d:\dev\opengl_c++\firstproject\firstproject\debug\main.obj
d:\dev\opengl_c++\firstproject\firstproject\debug\stb_image.obj
d:\dev\opengl_c++\firstproject\firstproject\debug\camera.obj
d:\dev\opengl_c++\firstproject\firstproject\debug\box.obj
d:\dev\opengl_c++\firstproject\firstproject\debug\mesh.obj
d:\dev\opengl_c++\firstproject\firstproject\debug\model.obj
d:\dev\opengl_c++\firstproject\firstproject\debug\uielement.obj
d:\dev\opengl_c++\firstproject\firstproject\debug\editoruimanager.obj
d:\dev\opengl_c++\firstproject\firstproject\debug\gameuimanager.obj
d:\dev\opengl_c++\firstproject\firstproject\debug\uimanager.obj
d:\dev\opengl_c++\firstproject\debug\firstproject.ilk
d:\dev\opengl_c++\firstproject\debug\firstproject.exe
d:\dev\opengl_c++\firstproject\debug\firstproject.pdb
d:\dev\opengl_c++\firstproject\firstproject\debug\mesh.obj.enc
d:\dev\opengl_c++\firstproject\firstproject\debug\model.obj.enc
d:\dev\opengl_c++\firstproject\firstproject\debug\firstproject.tlog\cl.command.1.tlog
d:\dev\opengl_c++\firstproject\firstproject\debug\firstproject.tlog\cl.read.1.tlog
d:\dev\opengl_c++\firstproject\firstproject\debug\firstproject.tlog\cl.write.1.tlog
d:\dev\opengl_c++\firstproject\firstproject\debug\firstproject.tlog\link.command.1.tlog
d:\dev\opengl_c++\firstproject\firstproject\debug\firstproject.tlog\link.read.1.tlog
d:\dev\opengl_c++\firstproject\firstproject\debug\firstproject.tlog\link.write.1.tlog
